{"F:\\Pelajaran\\Bootcamp\\Phase2\\week3\\ip-rmt58-rian\\server\\app.js": {"path":"F:\\Pelajaran\\Bootcamp\\Phase2\\week3\\ip-rmt58-rian\\server\\app.js","statementMap":{"0":{"start":{"line":1,"column":0},"end":{"line":3,"column":1}},"1":{"start":{"line":2,"column":2},"end":{"line":2,"column":29}},"2":{"start":{"line":5,"column":13},"end":{"line":5,"column":28}},"3":{"start":{"line":6,"column":16},"end":{"line":6,"column":34}},"4":{"start":{"line":7,"column":14},"end":{"line":7,"column":40}},"5":{"start":{"line":9,"column":12},"end":{"line":9,"column":21}},"6":{"start":{"line":10,"column":13},"end":{"line":10,"column":37}},"7":{"start":{"line":12,"column":0},"end":{"line":12,"column":16}},"8":{"start":{"line":14,"column":0},"end":{"line":14,"column":48}},"9":{"start":{"line":15,"column":0},"end":{"line":15,"column":24}},"10":{"start":{"line":17,"column":0},"end":{"line":17,"column":20}},"11":{"start":{"line":23,"column":0},"end":{"line":23,"column":21}}},"fnMap":{},"branchMap":{"0":{"loc":{"start":{"line":1,"column":0},"end":{"line":3,"column":1}},"type":"if","locations":[{"start":{"line":1,"column":0},"end":{"line":3,"column":1}},{"start":{},"end":{}}],"line":1},"1":{"loc":{"start":{"line":10,"column":13},"end":{"line":10,"column":37}},"type":"binary-expr","locations":[{"start":{"line":10,"column":13},"end":{"line":10,"column":29}},{"start":{"line":10,"column":33},"end":{"line":10,"column":37}}],"line":10}},"s":{"0":1,"1":1,"2":1,"3":1,"4":1,"5":1,"6":1,"7":1,"8":1,"9":1,"10":1,"11":1},"f":{},"b":{"0":[1,0],"1":[1,0]},"_coverageSchema":"1a1c01bbd47fc00a2c39e90264f33305004495a9","hash":"c577c0940a04cb09c19b0658401ce846603e504b"}
,"F:\\Pelajaran\\Bootcamp\\Phase2\\week3\\ip-rmt58-rian\\server\\controllers\\RecipeController.js": {"path":"F:\\Pelajaran\\Bootcamp\\Phase2\\week3\\ip-rmt58-rian\\server\\controllers\\RecipeController.js","statementMap":{"0":{"start":{"line":1,"column":14},"end":{"line":1,"column":30}},"1":{"start":{"line":2,"column":19},"end":{"line":2,"column":39}},"2":{"start":{"line":6,"column":4},"end":{"line":6,"column":37}},"3":{"start":{"line":7,"column":28},"end":{"line":7,"column":58}},"4":{"start":{"line":8,"column":17},"end":{"line":8,"column":37}},"5":{"start":{"line":11,"column":4},"end":{"line":17,"column":5}},"6":{"start":{"line":12,"column":23},"end":{"line":12,"column":45}},"7":{"start":{"line":13,"column":6},"end":{"line":13,"column":37}},"8":{"start":{"line":15,"column":6},"end":{"line":15,"column":25}},"9":{"start":{"line":16,"column":6},"end":{"line":16,"column":65}},"10":{"start":{"line":21,"column":4},"end":{"line":30,"column":5}},"11":{"start":{"line":22,"column":23},"end":{"line":24,"column":7}},"12":{"start":{"line":26,"column":6},"end":{"line":26,"column":42}},"13":{"start":{"line":28,"column":6},"end":{"line":28,"column":25}},"14":{"start":{"line":29,"column":6},"end":{"line":29,"column":65}},"15":{"start":{"line":34,"column":4},"end":{"line":44,"column":5}},"16":{"start":{"line":35,"column":23},"end":{"line":38,"column":8}},"17":{"start":{"line":40,"column":6},"end":{"line":40,"column":37}},"18":{"start":{"line":42,"column":6},"end":{"line":42,"column":25}},"19":{"start":{"line":43,"column":6},"end":{"line":43,"column":65}},"20":{"start":{"line":48,"column":4},"end":{"line":59,"column":5}},"21":{"start":{"line":49,"column":30},"end":{"line":49,"column":39}},"22":{"start":{"line":51,"column":23},"end":{"line":53,"column":7}},"23":{"start":{"line":55,"column":6},"end":{"line":55,"column":42}},"24":{"start":{"line":57,"column":6},"end":{"line":57,"column":25}},"25":{"start":{"line":58,"column":6},"end":{"line":58,"column":65}},"26":{"start":{"line":63,"column":19},"end":{"line":63,"column":27}},"27":{"start":{"line":65,"column":4},"end":{"line":190,"column":5}},"28":{"start":{"line":66,"column":19},"end":{"line":66,"column":42}},"29":{"start":{"line":68,"column":6},"end":{"line":70,"column":7}},"30":{"start":{"line":69,"column":8},"end":{"line":69,"column":67}},"31":{"start":{"line":73,"column":8},"end":{"line":73,"column":12}},"32":{"start":{"line":75,"column":6},"end":{"line":79,"column":7}},"33":{"start":{"line":76,"column":8},"end":{"line":78,"column":11}},"34":{"start":{"line":81,"column":6},"end":{"line":83,"column":7}},"35":{"start":{"line":82,"column":8},"end":{"line":82,"column":40}},"36":{"start":{"line":85,"column":21},"end":{"line":97,"column":7}},"37":{"start":{"line":99,"column":23},"end":{"line":99,"column":52}},"38":{"start":{"line":101,"column":6},"end":{"line":101,"column":51}},"39":{"start":{"line":103,"column":28},"end":{"line":105,"column":7}},"40":{"start":{"line":107,"column":28},"end":{"line":107,"column":55}},"41":{"start":{"line":108,"column":25},"end":{"line":108,"column":49}},"42":{"start":{"line":109,"column":27},"end":{"line":109,"column":53}},"43":{"start":{"line":110,"column":23},"end":{"line":110,"column":45}},"44":{"start":{"line":113,"column":26},"end":{"line":113,"column":63}},"45":{"start":{"line":114,"column":26},"end":{"line":114,"column":63}},"46":{"start":{"line":116,"column":23},"end":{"line":116,"column":57}},"47":{"start":{"line":117,"column":23},"end":{"line":117,"column":57}},"48":{"start":{"line":119,"column":25},"end":{"line":119,"column":61}},"49":{"start":{"line":120,"column":25},"end":{"line":120,"column":61}},"50":{"start":{"line":122,"column":21},"end":{"line":122,"column":53}},"51":{"start":{"line":123,"column":21},"end":{"line":123,"column":53}},"52":{"start":{"line":125,"column":26},"end":{"line":138,"column":8}},"53":{"start":{"line":140,"column":18},"end":{"line":140,"column":91}},"54":{"start":{"line":141,"column":6},"end":{"line":141,"column":47}},"55":{"start":{"line":143,"column":34},"end":{"line":143,"column":50}},"56":{"start":{"line":144,"column":22},"end":{"line":144,"column":54}},"57":{"start":{"line":146,"column":6},"end":{"line":183,"column":9}},"58":{"start":{"line":185,"column":6},"end":{"line":185,"column":37}},"59":{"start":{"line":186,"column":6},"end":{"line":189,"column":9}},"60":{"start":{"line":194,"column":19},"end":{"line":194,"column":27}},"61":{"start":{"line":196,"column":4},"end":{"line":264,"column":5}},"62":{"start":{"line":197,"column":19},"end":{"line":197,"column":42}},"63":{"start":{"line":199,"column":6},"end":{"line":201,"column":7}},"64":{"start":{"line":200,"column":8},"end":{"line":200,"column":67}},"65":{"start":{"line":204,"column":8},"end":{"line":204,"column":12}},"66":{"start":{"line":206,"column":6},"end":{"line":210,"column":7}},"67":{"start":{"line":207,"column":8},"end":{"line":209,"column":11}},"68":{"start":{"line":212,"column":30},"end":{"line":212,"column":71}},"69":{"start":{"line":214,"column":21},"end":{"line":228,"column":7}},"70":{"start":{"line":230,"column":23},"end":{"line":230,"column":52}},"71":{"start":{"line":231,"column":6},"end":{"line":231,"column":71}},"72":{"start":{"line":233,"column":31},"end":{"line":235,"column":7}},"73":{"start":{"line":237,"column":31},"end":{"line":237,"column":57}},"74":{"start":{"line":239,"column":26},"end":{"line":245,"column":8}},"75":{"start":{"line":247,"column":18},"end":{"line":247,"column":91}},"76":{"start":{"line":248,"column":6},"end":{"line":248,"column":47}},"77":{"start":{"line":250,"column":34},"end":{"line":250,"column":50}},"78":{"start":{"line":251,"column":22},"end":{"line":251,"column":54}},"79":{"start":{"line":253,"column":6},"end":{"line":256,"column":9}},"80":{"start":{"line":258,"column":6},"end":{"line":258,"column":37}},"81":{"start":{"line":259,"column":6},"end":{"line":263,"column":9}},"82":{"start":{"line":268,"column":4},"end":{"line":279,"column":5}},"83":{"start":{"line":269,"column":21},"end":{"line":269,"column":31}},"84":{"start":{"line":271,"column":23},"end":{"line":273,"column":7}},"85":{"start":{"line":275,"column":6},"end":{"line":275,"column":42}},"86":{"start":{"line":277,"column":6},"end":{"line":277,"column":25}},"87":{"start":{"line":278,"column":6},"end":{"line":278,"column":65}},"88":{"start":{"line":283,"column":4},"end":{"line":294,"column":5}},"89":{"start":{"line":284,"column":27},"end":{"line":284,"column":37}},"90":{"start":{"line":286,"column":23},"end":{"line":288,"column":7}},"91":{"start":{"line":290,"column":6},"end":{"line":290,"column":42}},"92":{"start":{"line":292,"column":6},"end":{"line":292,"column":25}},"93":{"start":{"line":293,"column":6},"end":{"line":293,"column":65}},"94":{"start":{"line":298,"column":4},"end":{"line":308,"column":5}},"95":{"start":{"line":299,"column":21},"end":{"line":299,"column":31}},"96":{"start":{"line":300,"column":23},"end":{"line":300,"column":48}},"97":{"start":{"line":301,"column":6},"end":{"line":303,"column":7}},"98":{"start":{"line":302,"column":8},"end":{"line":302,"column":69}},"99":{"start":{"line":304,"column":6},"end":{"line":304,"column":37}},"100":{"start":{"line":306,"column":6},"end":{"line":306,"column":25}},"101":{"start":{"line":307,"column":6},"end":{"line":307,"column":65}},"102":{"start":{"line":312,"column":0},"end":{"line":312,"column":34}}},"fnMap":{"0":{"name":"(anonymous_0)","decl":{"start":{"line":10,"column":2},"end":{"line":10,"column":3}},"loc":{"start":{"line":10,"column":49},"end":{"line":18,"column":3}},"line":10},"1":{"name":"(anonymous_1)","decl":{"start":{"line":20,"column":2},"end":{"line":20,"column":3}},"loc":{"start":{"line":20,"column":41},"end":{"line":31,"column":3}},"line":20},"2":{"name":"(anonymous_2)","decl":{"start":{"line":33,"column":2},"end":{"line":33,"column":3}},"loc":{"start":{"line":33,"column":46},"end":{"line":45,"column":3}},"line":33},"3":{"name":"(anonymous_3)","decl":{"start":{"line":47,"column":2},"end":{"line":47,"column":3}},"loc":{"start":{"line":47,"column":48},"end":{"line":60,"column":3}},"line":47},"4":{"name":"(anonymous_4)","decl":{"start":{"line":62,"column":2},"end":{"line":62,"column":3}},"loc":{"start":{"line":62,"column":45},"end":{"line":191,"column":3}},"line":62},"5":{"name":"(anonymous_5)","decl":{"start":{"line":193,"column":2},"end":{"line":193,"column":3}},"loc":{"start":{"line":193,"column":59},"end":{"line":265,"column":3}},"line":193},"6":{"name":"(anonymous_6)","decl":{"start":{"line":267,"column":2},"end":{"line":267,"column":3}},"loc":{"start":{"line":267,"column":41},"end":{"line":280,"column":3}},"line":267},"7":{"name":"(anonymous_7)","decl":{"start":{"line":282,"column":2},"end":{"line":282,"column":3}},"loc":{"start":{"line":282,"column":46},"end":{"line":295,"column":3}},"line":282},"8":{"name":"(anonymous_8)","decl":{"start":{"line":297,"column":2},"end":{"line":297,"column":3}},"loc":{"start":{"line":297,"column":47},"end":{"line":309,"column":3}},"line":297}},"branchMap":{"0":{"loc":{"start":{"line":68,"column":6},"end":{"line":70,"column":7}},"type":"if","locations":[{"start":{"line":68,"column":6},"end":{"line":70,"column":7}},{"start":{},"end":{}}],"line":68},"1":{"loc":{"start":{"line":75,"column":6},"end":{"line":79,"column":7}},"type":"if","locations":[{"start":{"line":75,"column":6},"end":{"line":79,"column":7}},{"start":{},"end":{}}],"line":75},"2":{"loc":{"start":{"line":75,"column":10},"end":{"line":75,"column":66}},"type":"binary-expr","locations":[{"start":{"line":75,"column":10},"end":{"line":75,"column":17}},{"start":{"line":75,"column":21},"end":{"line":75,"column":28}},{"start":{"line":75,"column":32},"end":{"line":75,"column":39}},{"start":{"line":75,"column":43},"end":{"line":75,"column":47}},{"start":{"line":75,"column":51},"end":{"line":75,"column":66}}],"line":75},"3":{"loc":{"start":{"line":81,"column":6},"end":{"line":83,"column":7}},"type":"if","locations":[{"start":{"line":81,"column":6},"end":{"line":83,"column":7}},{"start":{},"end":{}}],"line":81},"4":{"loc":{"start":{"line":148,"column":26},"end":{"line":148,"column":48}},"type":"binary-expr","locations":[{"start":{"line":148,"column":26},"end":{"line":148,"column":43}},{"start":{"line":148,"column":47},"end":{"line":148,"column":48}}],"line":148},"5":{"loc":{"start":{"line":149,"column":23},"end":{"line":149,"column":61}},"type":"binary-expr","locations":[{"start":{"line":149,"column":23},"end":{"line":149,"column":48}},{"start":{"line":149,"column":52},"end":{"line":149,"column":61}}],"line":149},"6":{"loc":{"start":{"line":199,"column":6},"end":{"line":201,"column":7}},"type":"if","locations":[{"start":{"line":199,"column":6},"end":{"line":201,"column":7}},{"start":{},"end":{}}],"line":199},"7":{"loc":{"start":{"line":206,"column":6},"end":{"line":210,"column":7}},"type":"if","locations":[{"start":{"line":206,"column":6},"end":{"line":210,"column":7}},{"start":{},"end":{}}],"line":206},"8":{"loc":{"start":{"line":206,"column":10},"end":{"line":206,"column":66}},"type":"binary-expr","locations":[{"start":{"line":206,"column":10},"end":{"line":206,"column":17}},{"start":{"line":206,"column":21},"end":{"line":206,"column":28}},{"start":{"line":206,"column":32},"end":{"line":206,"column":39}},{"start":{"line":206,"column":43},"end":{"line":206,"column":47}},{"start":{"line":206,"column":51},"end":{"line":206,"column":66}}],"line":206},"9":{"loc":{"start":{"line":212,"column":30},"end":{"line":212,"column":71}},"type":"cond-expr","locations":[{"start":{"line":212,"column":42},"end":{"line":212,"column":62}},{"start":{"line":212,"column":65},"end":{"line":212,"column":71}}],"line":212},"10":{"loc":{"start":{"line":221,"column":27},"end":{"line":221,"column":53}},"type":"binary-expr","locations":[{"start":{"line":221,"column":27},"end":{"line":221,"column":31}},{"start":{"line":221,"column":35},"end":{"line":221,"column":53}}],"line":221},"11":{"loc":{"start":{"line":242,"column":14},"end":{"line":242,"column":24}},"type":"binary-expr","locations":[{"start":{"line":242,"column":14},"end":{"line":242,"column":18}},{"start":{"line":242,"column":22},"end":{"line":242,"column":24}}],"line":242},"12":{"loc":{"start":{"line":243,"column":22},"end":{"line":243,"column":58}},"type":"cond-expr","locations":[{"start":{"line":243,"column":34},"end":{"line":243,"column":53}},{"start":{"line":243,"column":56},"end":{"line":243,"column":58}}],"line":243},"13":{"loc":{"start":{"line":301,"column":6},"end":{"line":303,"column":7}},"type":"if","locations":[{"start":{"line":301,"column":6},"end":{"line":303,"column":7}},{"start":{},"end":{}}],"line":301}},"s":{"0":1,"1":1,"2":1,"3":1,"4":1,"5":1,"6":1,"7":1,"8":0,"9":0,"10":2,"11":2,"12":2,"13":0,"14":0,"15":1,"16":1,"17":1,"18":0,"19":0,"20":2,"21":2,"22":2,"23":2,"24":0,"25":0,"26":2,"27":2,"28":2,"29":2,"30":0,"31":2,"32":2,"33":0,"34":2,"35":2,"36":2,"37":2,"38":2,"39":2,"40":2,"41":2,"42":2,"43":2,"44":2,"45":2,"46":2,"47":2,"48":2,"49":2,"50":2,"51":2,"52":2,"53":2,"54":2,"55":2,"56":2,"57":2,"58":0,"59":0,"60":2,"61":2,"62":2,"63":2,"64":0,"65":2,"66":2,"67":0,"68":2,"69":2,"70":2,"71":2,"72":2,"73":2,"74":2,"75":2,"76":2,"77":2,"78":2,"79":2,"80":0,"81":0,"82":2,"83":2,"84":2,"85":2,"86":0,"87":0,"88":2,"89":2,"90":2,"91":2,"92":0,"93":0,"94":5,"95":5,"96":5,"97":5,"98":2,"99":3,"100":0,"101":0,"102":1},"f":{"0":1,"1":2,"2":1,"3":2,"4":2,"5":2,"6":2,"7":2,"8":5},"b":{"0":[0,2],"1":[0,2],"2":[2,2,2,2,2],"3":[2,0],"4":[2,0],"5":[2,0],"6":[0,2],"7":[0,2],"8":[2,2,2,2,2],"9":[2,0],"10":[2,0],"11":[2,0],"12":[2,0],"13":[2,3]},"_coverageSchema":"1a1c01bbd47fc00a2c39e90264f33305004495a9","hash":"92a9cf240abbd86855fde145daec8a2b0c534319"}
,"F:\\Pelajaran\\Bootcamp\\Phase2\\week3\\ip-rmt58-rian\\server\\controllers\\UserController.js": {"path":"F:\\Pelajaran\\Bootcamp\\Phase2\\week3\\ip-rmt58-rian\\server\\controllers\\UserController.js","statementMap":{"0":{"start":{"line":1,"column":17},"end":{"line":1,"column":40}},"1":{"start":{"line":2,"column":28},"end":{"line":2,"column":56}},"2":{"start":{"line":3,"column":22},"end":{"line":3,"column":47}},"3":{"start":{"line":4,"column":17},"end":{"line":4,"column":37}},"4":{"start":{"line":6,"column":25},"end":{"line":6,"column":55}},"5":{"start":{"line":7,"column":15},"end":{"line":7,"column":33}},"6":{"start":{"line":11,"column":4},"end":{"line":36,"column":5}},"7":{"start":{"line":12,"column":44},"end":{"line":12,"column":52}},"8":{"start":{"line":14,"column":22},"end":{"line":18,"column":8}},"9":{"start":{"line":20,"column":21},"end":{"line":24,"column":7}},"10":{"start":{"line":26,"column":6},"end":{"line":26,"column":35}},"11":{"start":{"line":28,"column":6},"end":{"line":28,"column":25}},"12":{"start":{"line":29,"column":6},"end":{"line":35,"column":7}},"13":{"start":{"line":30,"column":8},"end":{"line":30,"column":67}},"14":{"start":{"line":31,"column":13},"end":{"line":35,"column":7}},"15":{"start":{"line":32,"column":8},"end":{"line":32,"column":66}},"16":{"start":{"line":34,"column":8},"end":{"line":34,"column":67}},"17":{"start":{"line":40,"column":4},"end":{"line":71,"column":5}},"18":{"start":{"line":41,"column":34},"end":{"line":41,"column":42}},"19":{"start":{"line":43,"column":6},"end":{"line":45,"column":7}},"20":{"start":{"line":44,"column":8},"end":{"line":44,"column":70}},"21":{"start":{"line":47,"column":6},"end":{"line":49,"column":7}},"22":{"start":{"line":48,"column":8},"end":{"line":48,"column":73}},"23":{"start":{"line":51,"column":19},"end":{"line":55,"column":8}},"24":{"start":{"line":56,"column":6},"end":{"line":58,"column":7}},"25":{"start":{"line":57,"column":8},"end":{"line":57,"column":78}},"26":{"start":{"line":60,"column":30},"end":{"line":60,"column":70}},"27":{"start":{"line":61,"column":6},"end":{"line":63,"column":7}},"28":{"start":{"line":62,"column":8},"end":{"line":62,"column":78}},"29":{"start":{"line":65,"column":26},"end":{"line":65,"column":52}},"30":{"start":{"line":67,"column":6},"end":{"line":67,"column":46}},"31":{"start":{"line":69,"column":6},"end":{"line":69,"column":25}},"32":{"start":{"line":70,"column":6},"end":{"line":70,"column":65}},"33":{"start":{"line":75,"column":4},"end":{"line":92,"column":5}},"34":{"start":{"line":76,"column":17},"end":{"line":76,"column":28}},"35":{"start":{"line":78,"column":19},"end":{"line":82,"column":8}},"36":{"start":{"line":84,"column":6},"end":{"line":86,"column":7}},"37":{"start":{"line":85,"column":8},"end":{"line":85,"column":67}},"38":{"start":{"line":88,"column":6},"end":{"line":88,"column":33}},"39":{"start":{"line":90,"column":6},"end":{"line":90,"column":25}},"40":{"start":{"line":91,"column":6},"end":{"line":91,"column":65}},"41":{"start":{"line":96,"column":4},"end":{"line":224,"column":5}},"42":{"start":{"line":98,"column":8},"end":{"line":98,"column":16}},"43":{"start":{"line":99,"column":17},"end":{"line":99,"column":28}},"44":{"start":{"line":101,"column":6},"end":{"line":103,"column":7}},"45":{"start":{"line":102,"column":8},"end":{"line":102,"column":71}},"46":{"start":{"line":104,"column":6},"end":{"line":108,"column":7}},"47":{"start":{"line":105,"column":8},"end":{"line":107,"column":65}},"48":{"start":{"line":110,"column":6},"end":{"line":112,"column":7}},"49":{"start":{"line":111,"column":8},"end":{"line":111,"column":71}},"50":{"start":{"line":113,"column":6},"end":{"line":117,"column":7}},"51":{"start":{"line":114,"column":8},"end":{"line":116,"column":65}},"52":{"start":{"line":119,"column":6},"end":{"line":121,"column":7}},"53":{"start":{"line":120,"column":8},"end":{"line":120,"column":68}},"54":{"start":{"line":122,"column":6},"end":{"line":126,"column":7}},"55":{"start":{"line":123,"column":8},"end":{"line":125,"column":75}},"56":{"start":{"line":128,"column":29},"end":{"line":128,"column":47}},"57":{"start":{"line":129,"column":6},"end":{"line":133,"column":7}},"58":{"start":{"line":130,"column":8},"end":{"line":132,"column":73}},"59":{"start":{"line":135,"column":36},"end":{"line":141,"column":7}},"60":{"start":{"line":142,"column":6},"end":{"line":147,"column":7}},"61":{"start":{"line":143,"column":8},"end":{"line":146,"column":11}},"62":{"start":{"line":150,"column":6},"end":{"line":167,"column":7}},"63":{"start":{"line":151,"column":29},"end":{"line":163,"column":9}},"64":{"start":{"line":164,"column":8},"end":{"line":166,"column":9}},"65":{"start":{"line":165,"column":10},"end":{"line":165,"column":72}},"66":{"start":{"line":170,"column":6},"end":{"line":199,"column":7}},"67":{"start":{"line":171,"column":8},"end":{"line":175,"column":9}},"68":{"start":{"line":172,"column":10},"end":{"line":174,"column":61}},"69":{"start":{"line":177,"column":33},"end":{"line":190,"column":9}},"70":{"start":{"line":192,"column":8},"end":{"line":198,"column":9}},"71":{"start":{"line":193,"column":10},"end":{"line":197,"column":11}},"72":{"start":{"line":194,"column":12},"end":{"line":196,"column":69}},"73":{"start":{"line":201,"column":19},"end":{"line":201,"column":42}},"74":{"start":{"line":202,"column":6},"end":{"line":204,"column":7}},"75":{"start":{"line":203,"column":8},"end":{"line":203,"column":67}},"76":{"start":{"line":206,"column":6},"end":{"line":214,"column":9}},"77":{"start":{"line":216,"column":6},"end":{"line":216,"column":72}},"78":{"start":{"line":218,"column":6},"end":{"line":218,"column":27}},"79":{"start":{"line":219,"column":6},"end":{"line":223,"column":7}},"80":{"start":{"line":220,"column":8},"end":{"line":220,"column":67}},"81":{"start":{"line":222,"column":8},"end":{"line":222,"column":67}},"82":{"start":{"line":227,"column":4},"end":{"line":262,"column":5}},"83":{"start":{"line":228,"column":21},"end":{"line":233,"column":8}},"84":{"start":{"line":234,"column":22},"end":{"line":234,"column":41}},"85":{"start":{"line":236,"column":17},"end":{"line":240,"column":8}},"86":{"start":{"line":242,"column":6},"end":{"line":253,"column":7}},"87":{"start":{"line":243,"column":8},"end":{"line":252,"column":10}},"88":{"start":{"line":255,"column":26},"end":{"line":255,"column":52}},"89":{"start":{"line":257,"column":6},"end":{"line":257,"column":71}},"90":{"start":{"line":258,"column":6},"end":{"line":258,"column":27}},"91":{"start":{"line":260,"column":6},"end":{"line":260,"column":25}},"92":{"start":{"line":261,"column":6},"end":{"line":261,"column":65}},"93":{"start":{"line":266,"column":0},"end":{"line":266,"column":32}}},"fnMap":{"0":{"name":"(anonymous_0)","decl":{"start":{"line":10,"column":2},"end":{"line":10,"column":3}},"loc":{"start":{"line":10,"column":34},"end":{"line":37,"column":3}},"line":10},"1":{"name":"(anonymous_1)","decl":{"start":{"line":39,"column":2},"end":{"line":39,"column":3}},"loc":{"start":{"line":39,"column":31},"end":{"line":72,"column":3}},"line":39},"2":{"name":"(anonymous_2)","decl":{"start":{"line":74,"column":2},"end":{"line":74,"column":3}},"loc":{"start":{"line":74,"column":36},"end":{"line":93,"column":3}},"line":74},"3":{"name":"(anonymous_3)","decl":{"start":{"line":95,"column":2},"end":{"line":95,"column":3}},"loc":{"start":{"line":95,"column":39},"end":{"line":225,"column":3}},"line":95},"4":{"name":"(anonymous_4)","decl":{"start":{"line":226,"column":2},"end":{"line":226,"column":3}},"loc":{"start":{"line":226,"column":37},"end":{"line":263,"column":3}},"line":226}},"branchMap":{"0":{"loc":{"start":{"line":29,"column":6},"end":{"line":35,"column":7}},"type":"if","locations":[{"start":{"line":29,"column":6},"end":{"line":35,"column":7}},{"start":{"line":31,"column":13},"end":{"line":35,"column":7}}],"line":29},"1":{"loc":{"start":{"line":31,"column":13},"end":{"line":35,"column":7}},"type":"if","locations":[{"start":{"line":31,"column":13},"end":{"line":35,"column":7}},{"start":{"line":33,"column":13},"end":{"line":35,"column":7}}],"line":31},"2":{"loc":{"start":{"line":43,"column":6},"end":{"line":45,"column":7}},"type":"if","locations":[{"start":{"line":43,"column":6},"end":{"line":45,"column":7}},{"start":{},"end":{}}],"line":43},"3":{"loc":{"start":{"line":47,"column":6},"end":{"line":49,"column":7}},"type":"if","locations":[{"start":{"line":47,"column":6},"end":{"line":49,"column":7}},{"start":{},"end":{}}],"line":47},"4":{"loc":{"start":{"line":56,"column":6},"end":{"line":58,"column":7}},"type":"if","locations":[{"start":{"line":56,"column":6},"end":{"line":58,"column":7}},{"start":{},"end":{}}],"line":56},"5":{"loc":{"start":{"line":61,"column":6},"end":{"line":63,"column":7}},"type":"if","locations":[{"start":{"line":61,"column":6},"end":{"line":63,"column":7}},{"start":{},"end":{}}],"line":61},"6":{"loc":{"start":{"line":84,"column":6},"end":{"line":86,"column":7}},"type":"if","locations":[{"start":{"line":84,"column":6},"end":{"line":86,"column":7}},{"start":{},"end":{}}],"line":84},"7":{"loc":{"start":{"line":101,"column":6},"end":{"line":103,"column":7}},"type":"if","locations":[{"start":{"line":101,"column":6},"end":{"line":103,"column":7}},{"start":{},"end":{}}],"line":101},"8":{"loc":{"start":{"line":101,"column":10},"end":{"line":101,"column":49}},"type":"binary-expr","locations":[{"start":{"line":101,"column":10},"end":{"line":101,"column":30}},{"start":{"line":101,"column":34},"end":{"line":101,"column":49}}],"line":101},"9":{"loc":{"start":{"line":104,"column":6},"end":{"line":108,"column":7}},"type":"if","locations":[{"start":{"line":104,"column":6},"end":{"line":108,"column":7}},{"start":{},"end":{}}],"line":104},"10":{"loc":{"start":{"line":104,"column":10},"end":{"line":104,"column":38}},"type":"binary-expr","locations":[{"start":{"line":104,"column":10},"end":{"line":104,"column":23}},{"start":{"line":104,"column":27},"end":{"line":104,"column":38}}],"line":104},"11":{"loc":{"start":{"line":110,"column":6},"end":{"line":112,"column":7}},"type":"if","locations":[{"start":{"line":110,"column":6},"end":{"line":112,"column":7}},{"start":{},"end":{}}],"line":110},"12":{"loc":{"start":{"line":110,"column":10},"end":{"line":110,"column":49}},"type":"binary-expr","locations":[{"start":{"line":110,"column":10},"end":{"line":110,"column":30}},{"start":{"line":110,"column":34},"end":{"line":110,"column":49}}],"line":110},"13":{"loc":{"start":{"line":113,"column":6},"end":{"line":117,"column":7}},"type":"if","locations":[{"start":{"line":113,"column":6},"end":{"line":117,"column":7}},{"start":{},"end":{}}],"line":113},"14":{"loc":{"start":{"line":113,"column":10},"end":{"line":113,"column":38}},"type":"binary-expr","locations":[{"start":{"line":113,"column":10},"end":{"line":113,"column":23}},{"start":{"line":113,"column":27},"end":{"line":113,"column":38}}],"line":113},"15":{"loc":{"start":{"line":119,"column":6},"end":{"line":121,"column":7}},"type":"if","locations":[{"start":{"line":119,"column":6},"end":{"line":121,"column":7}},{"start":{},"end":{}}],"line":119},"16":{"loc":{"start":{"line":119,"column":10},"end":{"line":119,"column":43}},"type":"binary-expr","locations":[{"start":{"line":119,"column":10},"end":{"line":119,"column":27}},{"start":{"line":119,"column":31},"end":{"line":119,"column":43}}],"line":119},"17":{"loc":{"start":{"line":122,"column":6},"end":{"line":126,"column":7}},"type":"if","locations":[{"start":{"line":122,"column":6},"end":{"line":126,"column":7}},{"start":{},"end":{}}],"line":122},"18":{"loc":{"start":{"line":122,"column":10},"end":{"line":122,"column":32}},"type":"binary-expr","locations":[{"start":{"line":122,"column":10},"end":{"line":122,"column":20}},{"start":{"line":122,"column":24},"end":{"line":122,"column":32}}],"line":122},"19":{"loc":{"start":{"line":129,"column":6},"end":{"line":133,"column":7}},"type":"if","locations":[{"start":{"line":129,"column":6},"end":{"line":133,"column":7}},{"start":{},"end":{}}],"line":129},"20":{"loc":{"start":{"line":129,"column":10},"end":{"line":129,"column":53}},"type":"binary-expr","locations":[{"start":{"line":129,"column":10},"end":{"line":129,"column":17}},{"start":{"line":129,"column":21},"end":{"line":129,"column":53}}],"line":129},"21":{"loc":{"start":{"line":142,"column":6},"end":{"line":147,"column":7}},"type":"if","locations":[{"start":{"line":142,"column":6},"end":{"line":147,"column":7}},{"start":{},"end":{}}],"line":142},"22":{"loc":{"start":{"line":142,"column":10},"end":{"line":142,"column":76}},"type":"binary-expr","locations":[{"start":{"line":142,"column":10},"end":{"line":142,"column":25}},{"start":{"line":142,"column":29},"end":{"line":142,"column":76}}],"line":142},"23":{"loc":{"start":{"line":150,"column":6},"end":{"line":167,"column":7}},"type":"if","locations":[{"start":{"line":150,"column":6},"end":{"line":167,"column":7}},{"start":{},"end":{}}],"line":150},"24":{"loc":{"start":{"line":164,"column":8},"end":{"line":166,"column":9}},"type":"if","locations":[{"start":{"line":164,"column":8},"end":{"line":166,"column":9}},{"start":{},"end":{}}],"line":164},"25":{"loc":{"start":{"line":170,"column":6},"end":{"line":199,"column":7}},"type":"if","locations":[{"start":{"line":170,"column":6},"end":{"line":199,"column":7}},{"start":{},"end":{}}],"line":170},"26":{"loc":{"start":{"line":171,"column":8},"end":{"line":175,"column":9}},"type":"if","locations":[{"start":{"line":171,"column":8},"end":{"line":175,"column":9}},{"start":{},"end":{}}],"line":171},"27":{"loc":{"start":{"line":193,"column":10},"end":{"line":197,"column":11}},"type":"if","locations":[{"start":{"line":193,"column":10},"end":{"line":197,"column":11}},{"start":{},"end":{}}],"line":193},"28":{"loc":{"start":{"line":202,"column":6},"end":{"line":204,"column":7}},"type":"if","locations":[{"start":{"line":202,"column":6},"end":{"line":204,"column":7}},{"start":{},"end":{}}],"line":202},"29":{"loc":{"start":{"line":219,"column":6},"end":{"line":223,"column":7}},"type":"if","locations":[{"start":{"line":219,"column":6},"end":{"line":223,"column":7}},{"start":{"line":221,"column":13},"end":{"line":223,"column":7}}],"line":219},"30":{"loc":{"start":{"line":242,"column":6},"end":{"line":253,"column":7}},"type":"if","locations":[{"start":{"line":242,"column":6},"end":{"line":253,"column":7}},{"start":{},"end":{}}],"line":242}},"s":{"0":1,"1":1,"2":1,"3":1,"4":1,"5":1,"6":6,"7":6,"8":6,"9":1,"10":1,"11":5,"12":5,"13":4,"14":1,"15":1,"16":0,"17":6,"18":6,"19":6,"20":1,"21":5,"22":1,"23":4,"24":4,"25":2,"26":2,"27":2,"28":1,"29":1,"30":1,"31":0,"32":0,"33":1,"34":1,"35":1,"36":1,"37":0,"38":1,"39":0,"40":0,"41":4,"42":4,"43":4,"44":4,"45":0,"46":4,"47":0,"48":4,"49":0,"50":4,"51":1,"52":3,"53":1,"54":2,"55":0,"56":2,"57":2,"58":1,"59":1,"60":1,"61":0,"62":1,"63":1,"64":1,"65":0,"66":1,"67":1,"68":0,"69":1,"70":1,"71":0,"72":0,"73":1,"74":1,"75":0,"76":1,"77":1,"78":0,"79":0,"80":0,"81":0,"82":0,"83":0,"84":0,"85":0,"86":0,"87":0,"88":0,"89":0,"90":0,"91":0,"92":0,"93":1},"f":{"0":6,"1":6,"2":1,"3":4,"4":0},"b":{"0":[4,1],"1":[1,0],"2":[1,5],"3":[1,4],"4":[2,2],"5":[1,1],"6":[0,1],"7":[0,4],"8":[4,4],"9":[0,4],"10":[4,4],"11":[0,4],"12":[4,4],"13":[1,3],"14":[4,3],"15":[1,2],"16":[3,2],"17":[0,2],"18":[2,2],"19":[1,1],"20":[2,2],"21":[0,1],"22":[1,1],"23":[1,0],"24":[0,1],"25":[1,0],"26":[0,1],"27":[0,0],"28":[0,1],"29":[0,0],"30":[0,0]},"_coverageSchema":"1a1c01bbd47fc00a2c39e90264f33305004495a9","hash":"626a71a73d2b072e4859611bbbf25393da64bcea"}
,"F:\\Pelajaran\\Bootcamp\\Phase2\\week3\\ip-rmt58-rian\\server\\controllers\\UserSavedRecipe.js": {"path":"F:\\Pelajaran\\Bootcamp\\Phase2\\week3\\ip-rmt58-rian\\server\\controllers\\UserSavedRecipe.js","statementMap":{"0":{"start":{"line":1,"column":17},"end":{"line":1,"column":46}},"1":{"start":{"line":2,"column":14},"end":{"line":2,"column":30}},"2":{"start":{"line":3,"column":36},"end":{"line":3,"column":56}},"3":{"start":{"line":7,"column":4},"end":{"line":7,"column":37}},"4":{"start":{"line":11,"column":4},"end":{"line":98,"column":5}},"5":{"start":{"line":12,"column":32},"end":{"line":12,"column":42}},"6":{"start":{"line":13,"column":21},"end":{"line":13,"column":32}},"7":{"start":{"line":15,"column":29},"end":{"line":17,"column":8}},"8":{"start":{"line":20,"column":6},"end":{"line":43,"column":7}},"9":{"start":{"line":22,"column":36},"end":{"line":27,"column":10}},"10":{"start":{"line":30,"column":8},"end":{"line":34,"column":9}},"11":{"start":{"line":31,"column":10},"end":{"line":33,"column":13}},"12":{"start":{"line":37,"column":28},"end":{"line":40,"column":10}},"13":{"start":{"line":42,"column":8},"end":{"line":42,"column":49}},"14":{"start":{"line":46,"column":23},"end":{"line":54,"column":7}},"15":{"start":{"line":56,"column":25},"end":{"line":56,"column":38}},"16":{"start":{"line":59,"column":30},"end":{"line":61,"column":12}},"17":{"start":{"line":60,"column":61},"end":{"line":60,"column":76}},"18":{"start":{"line":64,"column":21},"end":{"line":86,"column":8}},"19":{"start":{"line":89,"column":26},"end":{"line":92,"column":8}},"20":{"start":{"line":94,"column":6},"end":{"line":94,"column":47}},"21":{"start":{"line":96,"column":6},"end":{"line":96,"column":25}},"22":{"start":{"line":97,"column":6},"end":{"line":97,"column":65}},"23":{"start":{"line":102,"column":4},"end":{"line":112,"column":5}},"24":{"start":{"line":103,"column":31},"end":{"line":106,"column":8}},"25":{"start":{"line":108,"column":6},"end":{"line":108,"column":45}},"26":{"start":{"line":110,"column":6},"end":{"line":110,"column":25}},"27":{"start":{"line":111,"column":6},"end":{"line":111,"column":65}},"28":{"start":{"line":116,"column":4},"end":{"line":136,"column":5}},"29":{"start":{"line":117,"column":21},"end":{"line":117,"column":31}},"30":{"start":{"line":119,"column":23},"end":{"line":122,"column":8}},"31":{"start":{"line":124,"column":6},"end":{"line":126,"column":7}},"32":{"start":{"line":125,"column":8},"end":{"line":125,"column":69}},"33":{"start":{"line":132,"column":6},"end":{"line":132,"column":44}},"34":{"start":{"line":134,"column":6},"end":{"line":134,"column":25}},"35":{"start":{"line":135,"column":6},"end":{"line":135,"column":65}},"36":{"start":{"line":140,"column":4},"end":{"line":172,"column":5}},"37":{"start":{"line":141,"column":21},"end":{"line":141,"column":31}},"38":{"start":{"line":143,"column":23},"end":{"line":146,"column":8}},"39":{"start":{"line":148,"column":6},"end":{"line":150,"column":7}},"40":{"start":{"line":149,"column":8},"end":{"line":149,"column":69}},"41":{"start":{"line":154,"column":33},"end":{"line":154,"column":48}},"42":{"start":{"line":156,"column":23},"end":{"line":164,"column":7}},"43":{"start":{"line":166,"column":25},"end":{"line":166,"column":38}},"44":{"start":{"line":168,"column":6},"end":{"line":168,"column":39}},"45":{"start":{"line":170,"column":6},"end":{"line":170,"column":25}},"46":{"start":{"line":171,"column":6},"end":{"line":171,"column":65}},"47":{"start":{"line":176,"column":4},"end":{"line":193,"column":5}},"48":{"start":{"line":177,"column":21},"end":{"line":177,"column":31}},"49":{"start":{"line":179,"column":23},"end":{"line":181,"column":8}},"50":{"start":{"line":183,"column":6},"end":{"line":185,"column":7}},"51":{"start":{"line":184,"column":8},"end":{"line":184,"column":69}},"52":{"start":{"line":187,"column":6},"end":{"line":187,"column":31}},"53":{"start":{"line":189,"column":6},"end":{"line":189,"column":77}},"54":{"start":{"line":191,"column":6},"end":{"line":191,"column":25}},"55":{"start":{"line":192,"column":6},"end":{"line":192,"column":65}},"56":{"start":{"line":197,"column":4},"end":{"line":217,"column":5}},"57":{"start":{"line":198,"column":21},"end":{"line":198,"column":31}},"58":{"start":{"line":199,"column":24},"end":{"line":199,"column":32}},"59":{"start":{"line":201,"column":23},"end":{"line":203,"column":8}},"60":{"start":{"line":205,"column":6},"end":{"line":207,"column":7}},"61":{"start":{"line":206,"column":8},"end":{"line":206,"column":69}},"62":{"start":{"line":209,"column":6},"end":{"line":211,"column":9}},"63":{"start":{"line":213,"column":6},"end":{"line":213,"column":37}},"64":{"start":{"line":215,"column":6},"end":{"line":215,"column":25}},"65":{"start":{"line":216,"column":6},"end":{"line":216,"column":65}},"66":{"start":{"line":221,"column":0},"end":{"line":221,"column":43}}},"fnMap":{"0":{"name":"(anonymous_0)","decl":{"start":{"line":10,"column":2},"end":{"line":10,"column":3}},"loc":{"start":{"line":10,"column":39},"end":{"line":99,"column":3}},"line":10},"1":{"name":"(anonymous_1)","decl":{"start":{"line":60,"column":45},"end":{"line":60,"column":46}},"loc":{"start":{"line":60,"column":61},"end":{"line":60,"column":76}},"line":60},"2":{"name":"(anonymous_2)","decl":{"start":{"line":101,"column":2},"end":{"line":101,"column":3}},"loc":{"start":{"line":101,"column":45},"end":{"line":113,"column":3}},"line":101},"3":{"name":"(anonymous_3)","decl":{"start":{"line":115,"column":2},"end":{"line":115,"column":3}},"loc":{"start":{"line":115,"column":43},"end":{"line":137,"column":3}},"line":115},"4":{"name":"(anonymous_4)","decl":{"start":{"line":139,"column":2},"end":{"line":139,"column":3}},"loc":{"start":{"line":139,"column":47},"end":{"line":173,"column":3}},"line":139},"5":{"name":"(anonymous_5)","decl":{"start":{"line":175,"column":2},"end":{"line":175,"column":3}},"loc":{"start":{"line":175,"column":40},"end":{"line":194,"column":3}},"line":175},"6":{"name":"(anonymous_6)","decl":{"start":{"line":196,"column":2},"end":{"line":196,"column":3}},"loc":{"start":{"line":196,"column":44},"end":{"line":218,"column":3}},"line":196}},"branchMap":{"0":{"loc":{"start":{"line":20,"column":6},"end":{"line":43,"column":7}},"type":"if","locations":[{"start":{"line":20,"column":6},"end":{"line":43,"column":7}},{"start":{},"end":{}}],"line":20},"1":{"loc":{"start":{"line":30,"column":8},"end":{"line":34,"column":9}},"type":"if","locations":[{"start":{"line":30,"column":8},"end":{"line":34,"column":9}},{"start":{},"end":{}}],"line":30},"2":{"loc":{"start":{"line":59,"column":30},"end":{"line":61,"column":12}},"type":"cond-expr","locations":[{"start":{"line":60,"column":10},"end":{"line":60,"column":77}},{"start":{"line":61,"column":10},"end":{"line":61,"column":12}}],"line":59},"3":{"loc":{"start":{"line":124,"column":6},"end":{"line":126,"column":7}},"type":"if","locations":[{"start":{"line":124,"column":6},"end":{"line":126,"column":7}},{"start":{},"end":{}}],"line":124},"4":{"loc":{"start":{"line":148,"column":6},"end":{"line":150,"column":7}},"type":"if","locations":[{"start":{"line":148,"column":6},"end":{"line":150,"column":7}},{"start":{},"end":{}}],"line":148},"5":{"loc":{"start":{"line":183,"column":6},"end":{"line":185,"column":7}},"type":"if","locations":[{"start":{"line":183,"column":6},"end":{"line":185,"column":7}},{"start":{},"end":{}}],"line":183},"6":{"loc":{"start":{"line":205,"column":6},"end":{"line":207,"column":7}},"type":"if","locations":[{"start":{"line":205,"column":6},"end":{"line":207,"column":7}},{"start":{},"end":{}}],"line":205}},"s":{"0":1,"1":1,"2":1,"3":1,"4":6,"5":6,"6":6,"7":6,"8":6,"9":5,"10":5,"11":4,"12":1,"13":1,"14":1,"15":1,"16":1,"17":8,"18":1,"19":1,"20":1,"21":0,"22":0,"23":1,"24":1,"25":1,"26":0,"27":0,"28":2,"29":2,"30":2,"31":2,"32":1,"33":1,"34":0,"35":0,"36":3,"37":3,"38":3,"39":3,"40":2,"41":1,"42":1,"43":1,"44":1,"45":0,"46":0,"47":1,"48":1,"49":1,"50":1,"51":0,"52":1,"53":1,"54":0,"55":0,"56":1,"57":1,"58":1,"59":1,"60":1,"61":0,"62":1,"63":1,"64":0,"65":0,"66":1},"f":{"0":6,"1":8,"2":1,"3":2,"4":3,"5":1,"6":1},"b":{"0":[5,1],"1":[4,1],"2":[1,0],"3":[1,1],"4":[2,1],"5":[0,1],"6":[0,1]},"_coverageSchema":"1a1c01bbd47fc00a2c39e90264f33305004495a9","hash":"1c9e81457a18d606dce3c0505e27b8bcd205760b"}
,"F:\\Pelajaran\\Bootcamp\\Phase2\\week3\\ip-rmt58-rian\\server\\helpers\\bcrypt.js": {"path":"F:\\Pelajaran\\Bootcamp\\Phase2\\week3\\ip-rmt58-rian\\server\\helpers\\bcrypt.js","statementMap":{"0":{"start":{"line":1,"column":15},"end":{"line":1,"column":34}},"1":{"start":{"line":2,"column":21},"end":{"line":6,"column":1}},"2":{"start":{"line":3,"column":15},"end":{"line":3,"column":37}},"3":{"start":{"line":4,"column":15},"end":{"line":4,"column":46}},"4":{"start":{"line":5,"column":2},"end":{"line":5,"column":14}},"5":{"start":{"line":8,"column":24},"end":{"line":10,"column":1}},"6":{"start":{"line":9,"column":2},"end":{"line":9,"column":44}},"7":{"start":{"line":12,"column":0},"end":{"line":12,"column":51}}},"fnMap":{"0":{"name":"(anonymous_0)","decl":{"start":{"line":2,"column":21},"end":{"line":2,"column":22}},"loc":{"start":{"line":2,"column":35},"end":{"line":6,"column":1}},"line":2},"1":{"name":"(anonymous_1)","decl":{"start":{"line":8,"column":24},"end":{"line":8,"column":25}},"loc":{"start":{"line":8,"column":44},"end":{"line":10,"column":1}},"line":8}},"branchMap":{},"s":{"0":1,"1":1,"2":5,"3":5,"4":5,"5":1,"6":2,"7":1},"f":{"0":5,"1":2},"b":{},"_coverageSchema":"1a1c01bbd47fc00a2c39e90264f33305004495a9","hash":"8b09fee5b7c9579a4c037bbdc875fa5c77dd5e69"}
,"F:\\Pelajaran\\Bootcamp\\Phase2\\week3\\ip-rmt58-rian\\server\\helpers\\geminiAI.js": {"path":"F:\\Pelajaran\\Bootcamp\\Phase2\\week3\\ip-rmt58-rian\\server\\helpers\\geminiAI.js","statementMap":{"0":{"start":{"line":1,"column":0},"end":{"line":1,"column":27}},"1":{"start":{"line":3,"column":31},"end":{"line":3,"column":63}},"2":{"start":{"line":4,"column":14},"end":{"line":4,"column":66}},"3":{"start":{"line":5,"column":14},"end":{"line":5,"column":69}},"4":{"start":{"line":7,"column":24},"end":{"line":11,"column":1}},"5":{"start":{"line":8,"column":17},"end":{"line":8,"column":52}},"6":{"start":{"line":9,"column":2},"end":{"line":9,"column":38}},"7":{"start":{"line":10,"column":2},"end":{"line":10,"column":32}},"8":{"start":{"line":13,"column":0},"end":{"line":13,"column":37}}},"fnMap":{"0":{"name":"(anonymous_0)","decl":{"start":{"line":7,"column":24},"end":{"line":7,"column":25}},"loc":{"start":{"line":7,"column":42},"end":{"line":11,"column":1}},"line":7}},"branchMap":{},"s":{"0":1,"1":1,"2":1,"3":1,"4":1,"5":4,"6":4,"7":4,"8":1},"f":{"0":4},"b":{},"_coverageSchema":"1a1c01bbd47fc00a2c39e90264f33305004495a9","hash":"cd2de8d1b91ace7acbf618ace19c6e7e03c1ca26"}
,"F:\\Pelajaran\\Bootcamp\\Phase2\\week3\\ip-rmt58-rian\\server\\helpers\\jwt.js": {"path":"F:\\Pelajaran\\Bootcamp\\Phase2\\week3\\ip-rmt58-rian\\server\\helpers\\jwt.js","statementMap":{"0":{"start":{"line":1,"column":12},"end":{"line":1,"column":35}},"1":{"start":{"line":3,"column":18},"end":{"line":3,"column":53}},"2":{"start":{"line":3,"column":28},"end":{"line":3,"column":53}},"3":{"start":{"line":4,"column":20},"end":{"line":4,"column":59}},"4":{"start":{"line":4,"column":31},"end":{"line":4,"column":59}},"5":{"start":{"line":6,"column":0},"end":{"line":9,"column":2}}},"fnMap":{"0":{"name":"(anonymous_0)","decl":{"start":{"line":3,"column":18},"end":{"line":3,"column":19}},"loc":{"start":{"line":3,"column":28},"end":{"line":3,"column":53}},"line":3},"1":{"name":"(anonymous_1)","decl":{"start":{"line":4,"column":20},"end":{"line":4,"column":21}},"loc":{"start":{"line":4,"column":31},"end":{"line":4,"column":59}},"line":4}},"branchMap":{},"s":{"0":1,"1":1,"2":2,"3":1,"4":44,"5":1},"f":{"0":2,"1":44},"b":{},"_coverageSchema":"1a1c01bbd47fc00a2c39e90264f33305004495a9","hash":"b86e18d80402253a2b2b7cb62ea9c1f106421334"}
,"F:\\Pelajaran\\Bootcamp\\Phase2\\week3\\ip-rmt58-rian\\server\\helpers\\spoonacular.js": {"path":"F:\\Pelajaran\\Bootcamp\\Phase2\\week3\\ip-rmt58-rian\\server\\helpers\\spoonacular.js","statementMap":{"0":{"start":{"line":1,"column":15},"end":{"line":1,"column":32}},"1":{"start":{"line":2,"column":0},"end":{"line":2,"column":16}},"2":{"start":{"line":4,"column":28},"end":{"line":4,"column":59}},"3":{"start":{"line":5,"column":29},"end":{"line":5,"column":58}},"4":{"start":{"line":6,"column":0},"end":{"line":6,"column":63}}},"fnMap":{},"branchMap":{},"s":{"0":1,"1":1,"2":1,"3":1,"4":1},"f":{},"b":{},"_coverageSchema":"1a1c01bbd47fc00a2c39e90264f33305004495a9","hash":"01f3111de3b18fbdc51de852e9ba1aa1bdba3531"}
,"F:\\Pelajaran\\Bootcamp\\Phase2\\week3\\ip-rmt58-rian\\server\\middlewares\\authentication.js": {"path":"F:\\Pelajaran\\Bootcamp\\Phase2\\week3\\ip-rmt58-rian\\server\\middlewares\\authentication.js","statementMap":{"0":{"start":{"line":1,"column":24},"end":{"line":1,"column":49}},"1":{"start":{"line":2,"column":17},"end":{"line":2,"column":37}},"2":{"start":{"line":5,"column":2},"end":{"line":36,"column":3}},"3":{"start":{"line":6,"column":24},"end":{"line":6,"column":49}},"4":{"start":{"line":8,"column":4},"end":{"line":11,"column":5}},"5":{"start":{"line":9,"column":6},"end":{"line":9,"column":57}},"6":{"start":{"line":10,"column":6},"end":{"line":10,"column":13}},"7":{"start":{"line":13,"column":18},"end":{"line":13,"column":43}},"8":{"start":{"line":14,"column":4},"end":{"line":17,"column":5}},"9":{"start":{"line":15,"column":6},"end":{"line":15,"column":57}},"10":{"start":{"line":16,"column":6},"end":{"line":16,"column":13}},"11":{"start":{"line":19,"column":17},"end":{"line":19,"column":35}},"12":{"start":{"line":20,"column":17},"end":{"line":20,"column":45}},"13":{"start":{"line":22,"column":4},"end":{"line":25,"column":5}},"14":{"start":{"line":23,"column":6},"end":{"line":23,"column":57}},"15":{"start":{"line":24,"column":6},"end":{"line":24,"column":13}},"16":{"start":{"line":27,"column":4},"end":{"line":27,"column":20}},"17":{"start":{"line":28,"column":4},"end":{"line":28,"column":11}},"18":{"start":{"line":30,"column":4},"end":{"line":30,"column":23}},"19":{"start":{"line":31,"column":4},"end":{"line":35,"column":5}},"20":{"start":{"line":32,"column":6},"end":{"line":32,"column":57}},"21":{"start":{"line":34,"column":6},"end":{"line":34,"column":65}},"22":{"start":{"line":39,"column":0},"end":{"line":39,"column":32}}},"fnMap":{"0":{"name":"authentication","decl":{"start":{"line":4,"column":15},"end":{"line":4,"column":29}},"loc":{"start":{"line":4,"column":46},"end":{"line":37,"column":1}},"line":4}},"branchMap":{"0":{"loc":{"start":{"line":8,"column":4},"end":{"line":11,"column":5}},"type":"if","locations":[{"start":{"line":8,"column":4},"end":{"line":11,"column":5}},{"start":{},"end":{}}],"line":8},"1":{"loc":{"start":{"line":14,"column":4},"end":{"line":17,"column":5}},"type":"if","locations":[{"start":{"line":14,"column":4},"end":{"line":17,"column":5}},{"start":{},"end":{}}],"line":14},"2":{"loc":{"start":{"line":22,"column":4},"end":{"line":25,"column":5}},"type":"if","locations":[{"start":{"line":22,"column":4},"end":{"line":25,"column":5}},{"start":{},"end":{}}],"line":22},"3":{"loc":{"start":{"line":31,"column":4},"end":{"line":35,"column":5}},"type":"if","locations":[{"start":{"line":31,"column":4},"end":{"line":35,"column":5}},{"start":{"line":33,"column":11},"end":{"line":35,"column":5}}],"line":31}},"s":{"0":1,"1":1,"2":44,"3":44,"4":44,"5":0,"6":0,"7":44,"8":44,"9":0,"10":0,"11":44,"12":41,"13":41,"14":0,"15":0,"16":41,"17":41,"18":3,"19":3,"20":3,"21":0,"22":1},"f":{"0":44},"b":{"0":[0,44],"1":[0,44],"2":[0,41],"3":[3,0]},"_coverageSchema":"1a1c01bbd47fc00a2c39e90264f33305004495a9","hash":"ea1dd9c6e4352edbf8762c5836387a51141501a9"}
,"F:\\Pelajaran\\Bootcamp\\Phase2\\week3\\ip-rmt58-rian\\server\\middlewares\\guardOwnerOnly.js": {"path":"F:\\Pelajaran\\Bootcamp\\Phase2\\week3\\ip-rmt58-rian\\server\\middlewares\\guardOwnerOnly.js","statementMap":{"0":{"start":{"line":1,"column":21},"end":{"line":1,"column":41}},"1":{"start":{"line":2,"column":36},"end":{"line":2,"column":56}},"2":{"start":{"line":5,"column":2},"end":{"line":25,"column":3}},"3":{"start":{"line":6,"column":19},"end":{"line":6,"column":30}},"4":{"start":{"line":7,"column":23},"end":{"line":7,"column":36}},"5":{"start":{"line":9,"column":21},"end":{"line":9,"column":63}},"6":{"start":{"line":10,"column":4},"end":{"line":13,"column":5}},"7":{"start":{"line":11,"column":6},"end":{"line":11,"column":65}},"8":{"start":{"line":12,"column":6},"end":{"line":12,"column":13}},"9":{"start":{"line":15,"column":4},"end":{"line":18,"column":5}},"10":{"start":{"line":16,"column":6},"end":{"line":16,"column":65}},"11":{"start":{"line":17,"column":6},"end":{"line":17,"column":13}},"12":{"start":{"line":20,"column":4},"end":{"line":20,"column":28}},"13":{"start":{"line":21,"column":4},"end":{"line":21,"column":11}},"14":{"start":{"line":23,"column":4},"end":{"line":23,"column":23}},"15":{"start":{"line":24,"column":4},"end":{"line":24,"column":63}},"16":{"start":{"line":28,"column":0},"end":{"line":28,"column":32}}},"fnMap":{"0":{"name":"guardOwnerOnly","decl":{"start":{"line":4,"column":15},"end":{"line":4,"column":29}},"loc":{"start":{"line":4,"column":46},"end":{"line":26,"column":1}},"line":4}},"branchMap":{"0":{"loc":{"start":{"line":10,"column":4},"end":{"line":13,"column":5}},"type":"if","locations":[{"start":{"line":10,"column":4},"end":{"line":13,"column":5}},{"start":{},"end":{}}],"line":10},"1":{"loc":{"start":{"line":15,"column":4},"end":{"line":18,"column":5}},"type":"if","locations":[{"start":{"line":15,"column":4},"end":{"line":18,"column":5}},{"start":{},"end":{}}],"line":15}},"s":{"0":1,"1":1,"2":5,"3":5,"4":5,"5":5,"6":5,"7":2,"8":2,"9":3,"10":1,"11":1,"12":2,"13":2,"14":0,"15":0,"16":1},"f":{"0":5},"b":{"0":[2,3],"1":[1,2]},"_coverageSchema":"1a1c01bbd47fc00a2c39e90264f33305004495a9","hash":"9417c215b3c88dcf761f64ce6b3dba5f6358d638"}
,"F:\\Pelajaran\\Bootcamp\\Phase2\\week3\\ip-rmt58-rian\\server\\models\\index.js": {"path":"F:\\Pelajaran\\Bootcamp\\Phase2\\week3\\ip-rmt58-rian\\server\\models\\index.js","statementMap":{"0":{"start":{"line":3,"column":11},"end":{"line":3,"column":24}},"1":{"start":{"line":4,"column":13},"end":{"line":4,"column":28}},"2":{"start":{"line":5,"column":18},"end":{"line":5,"column":38}},"3":{"start":{"line":6,"column":16},"end":{"line":6,"column":34}},"4":{"start":{"line":7,"column":17},"end":{"line":7,"column":42}},"5":{"start":{"line":8,"column":12},"end":{"line":8,"column":49}},"6":{"start":{"line":9,"column":15},"end":{"line":9,"column":65}},"7":{"start":{"line":10,"column":11},"end":{"line":10,"column":13}},"8":{"start":{"line":13,"column":0},"end":{"line":17,"column":1}},"9":{"start":{"line":14,"column":2},"end":{"line":14,"column":74}},"10":{"start":{"line":16,"column":2},"end":{"line":16,"column":87}},"11":{"start":{"line":19,"column":0},"end":{"line":32,"column":5}},"12":{"start":{"line":22,"column":4},"end":{"line":27,"column":6}},"13":{"start":{"line":30,"column":18},"end":{"line":30,"column":85}},"14":{"start":{"line":31,"column":4},"end":{"line":31,"column":27}},"15":{"start":{"line":34,"column":0},"end":{"line":38,"column":3}},"16":{"start":{"line":35,"column":2},"end":{"line":37,"column":3}},"17":{"start":{"line":36,"column":4},"end":{"line":36,"column":32}},"18":{"start":{"line":40,"column":0},"end":{"line":40,"column":25}},"19":{"start":{"line":41,"column":0},"end":{"line":41,"column":25}},"20":{"start":{"line":43,"column":0},"end":{"line":43,"column":20}}},"fnMap":{"0":{"name":"(anonymous_0)","decl":{"start":{"line":21,"column":10},"end":{"line":21,"column":11}},"loc":{"start":{"line":21,"column":18},"end":{"line":28,"column":3}},"line":21},"1":{"name":"(anonymous_1)","decl":{"start":{"line":29,"column":11},"end":{"line":29,"column":12}},"loc":{"start":{"line":29,"column":19},"end":{"line":32,"column":3}},"line":29},"2":{"name":"(anonymous_2)","decl":{"start":{"line":34,"column":24},"end":{"line":34,"column":25}},"loc":{"start":{"line":34,"column":37},"end":{"line":38,"column":1}},"line":34}},"branchMap":{"0":{"loc":{"start":{"line":8,"column":12},"end":{"line":8,"column":49}},"type":"binary-expr","locations":[{"start":{"line":8,"column":12},"end":{"line":8,"column":32}},{"start":{"line":8,"column":36},"end":{"line":8,"column":49}}],"line":8},"1":{"loc":{"start":{"line":13,"column":0},"end":{"line":17,"column":1}},"type":"if","locations":[{"start":{"line":13,"column":0},"end":{"line":17,"column":1}},{"start":{"line":15,"column":7},"end":{"line":17,"column":1}}],"line":13},"2":{"loc":{"start":{"line":23,"column":6},"end":{"line":26,"column":37}},"type":"binary-expr","locations":[{"start":{"line":23,"column":6},"end":{"line":23,"column":29}},{"start":{"line":24,"column":6},"end":{"line":24,"column":23}},{"start":{"line":25,"column":6},"end":{"line":25,"column":30}},{"start":{"line":26,"column":6},"end":{"line":26,"column":37}}],"line":23},"3":{"loc":{"start":{"line":35,"column":2},"end":{"line":37,"column":3}},"type":"if","locations":[{"start":{"line":35,"column":2},"end":{"line":37,"column":3}},{"start":{},"end":{}}],"line":35}},"s":{"0":1,"1":1,"2":1,"3":1,"4":1,"5":1,"6":1,"7":1,"8":1,"9":0,"10":1,"11":1,"12":4,"13":3,"14":3,"15":1,"16":3,"17":3,"18":1,"19":1,"20":1},"f":{"0":4,"1":3,"2":3},"b":{"0":[1,0],"1":[0,1],"2":[4,4,3,3],"3":[3,0]},"_coverageSchema":"1a1c01bbd47fc00a2c39e90264f33305004495a9","hash":"39b0121ac605195b0520fa6aeb9d8f49edf12271"}
,"F:\\Pelajaran\\Bootcamp\\Phase2\\week3\\ip-rmt58-rian\\server\\models\\recipe.js": {"path":"F:\\Pelajaran\\Bootcamp\\Phase2\\week3\\ip-rmt58-rian\\server\\models\\recipe.js","statementMap":{"0":{"start":{"line":2,"column":18},"end":{"line":2,"column":38}},"1":{"start":{"line":3,"column":0},"end":{"line":63,"column":2}},"2":{"start":{"line":14,"column":2},"end":{"line":61,"column":4}},"3":{"start":{"line":62,"column":2},"end":{"line":62,"column":16}}},"fnMap":{"0":{"name":"(anonymous_0)","decl":{"start":{"line":3,"column":17},"end":{"line":3,"column":18}},"loc":{"start":{"line":3,"column":43},"end":{"line":63,"column":1}},"line":3},"1":{"name":"(anonymous_1)","decl":{"start":{"line":10,"column":4},"end":{"line":10,"column":5}},"loc":{"start":{"line":10,"column":29},"end":{"line":12,"column":5}},"line":10}},"branchMap":{},"s":{"0":1,"1":1,"2":1,"3":1},"f":{"0":1,"1":1},"b":{},"_coverageSchema":"1a1c01bbd47fc00a2c39e90264f33305004495a9","hash":"494519012b18363b5bfa4e1c2b812aa1ef5dcdd1"}
,"F:\\Pelajaran\\Bootcamp\\Phase2\\week3\\ip-rmt58-rian\\server\\models\\user.js": {"path":"F:\\Pelajaran\\Bootcamp\\Phase2\\week3\\ip-rmt58-rian\\server\\models\\user.js","statementMap":{"0":{"start":{"line":2,"column":18},"end":{"line":2,"column":38}},"1":{"start":{"line":3,"column":25},"end":{"line":3,"column":53}},"2":{"start":{"line":5,"column":0},"end":{"line":163,"column":2}},"3":{"start":{"line":8,"column":6},"end":{"line":10,"column":9}},"4":{"start":{"line":14,"column":2},"end":{"line":160,"column":4}},"5":{"start":{"line":123,"column":12},"end":{"line":125,"column":13}},"6":{"start":{"line":124,"column":14},"end":{"line":124,"column":60}},"7":{"start":{"line":127,"column":37},"end":{"line":140,"column":13}},"8":{"start":{"line":142,"column":12},"end":{"line":146,"column":13}},"9":{"start":{"line":143,"column":14},"end":{"line":145,"column":15}},"10":{"start":{"line":144,"column":16},"end":{"line":144,"column":68}},"11":{"start":{"line":154,"column":10},"end":{"line":154,"column":54}},"12":{"start":{"line":162,"column":2},"end":{"line":162,"column":14}}},"fnMap":{"0":{"name":"(anonymous_0)","decl":{"start":{"line":5,"column":17},"end":{"line":5,"column":18}},"loc":{"start":{"line":5,"column":43},"end":{"line":163,"column":1}},"line":5},"1":{"name":"(anonymous_1)","decl":{"start":{"line":7,"column":4},"end":{"line":7,"column":5}},"loc":{"start":{"line":7,"column":29},"end":{"line":11,"column":5}},"line":7},"2":{"name":"(anonymous_2)","decl":{"start":{"line":122,"column":10},"end":{"line":122,"column":11}},"loc":{"start":{"line":122,"column":34},"end":{"line":147,"column":11}},"line":122},"3":{"name":"(anonymous_3)","decl":{"start":{"line":153,"column":22},"end":{"line":153,"column":23}},"loc":{"start":{"line":153,"column":32},"end":{"line":155,"column":9}},"line":153}},"branchMap":{"0":{"loc":{"start":{"line":123,"column":12},"end":{"line":125,"column":13}},"type":"if","locations":[{"start":{"line":123,"column":12},"end":{"line":125,"column":13}},{"start":{},"end":{}}],"line":123},"1":{"loc":{"start":{"line":143,"column":14},"end":{"line":145,"column":15}},"type":"if","locations":[{"start":{"line":143,"column":14},"end":{"line":145,"column":15}},{"start":{},"end":{}}],"line":143}},"s":{"0":1,"1":1,"2":1,"3":1,"4":1,"5":1,"6":0,"7":1,"8":1,"9":0,"10":0,"11":2,"12":1},"f":{"0":1,"1":1,"2":1,"3":2},"b":{"0":[0,1],"1":[0,0]},"_coverageSchema":"1a1c01bbd47fc00a2c39e90264f33305004495a9","hash":"78f510c721c7fc07aa1414ffbaa27305578a6e86"}
,"F:\\Pelajaran\\Bootcamp\\Phase2\\week3\\ip-rmt58-rian\\server\\models\\usersavedrecipe.js": {"path":"F:\\Pelajaran\\Bootcamp\\Phase2\\week3\\ip-rmt58-rian\\server\\models\\usersavedrecipe.js","statementMap":{"0":{"start":{"line":2,"column":18},"end":{"line":2,"column":38}},"1":{"start":{"line":3,"column":0},"end":{"line":63,"column":2}},"2":{"start":{"line":12,"column":6},"end":{"line":14,"column":9}},"3":{"start":{"line":15,"column":6},"end":{"line":17,"column":9}},"4":{"start":{"line":20,"column":2},"end":{"line":61,"column":4}},"5":{"start":{"line":62,"column":2},"end":{"line":62,"column":25}}},"fnMap":{"0":{"name":"(anonymous_0)","decl":{"start":{"line":3,"column":17},"end":{"line":3,"column":18}},"loc":{"start":{"line":3,"column":43},"end":{"line":63,"column":1}},"line":3},"1":{"name":"(anonymous_1)","decl":{"start":{"line":10,"column":4},"end":{"line":10,"column":5}},"loc":{"start":{"line":10,"column":29},"end":{"line":18,"column":5}},"line":10}},"branchMap":{},"s":{"0":1,"1":1,"2":1,"3":1,"4":1,"5":1},"f":{"0":1,"1":1},"b":{},"_coverageSchema":"1a1c01bbd47fc00a2c39e90264f33305004495a9","hash":"657917281f105108f501e486b78464b8f93cb377"}
,"F:\\Pelajaran\\Bootcamp\\Phase2\\week3\\ip-rmt58-rian\\server\\routers\\index.js": {"path":"F:\\Pelajaran\\Bootcamp\\Phase2\\week3\\ip-rmt58-rian\\server\\routers\\index.js","statementMap":{"0":{"start":{"line":1,"column":16},"end":{"line":1,"column":34}},"1":{"start":{"line":2,"column":18},"end":{"line":2,"column":35}},"2":{"start":{"line":3,"column":20},"end":{"line":3,"column":39}},"3":{"start":{"line":4,"column":22},"end":{"line":4,"column":50}},"4":{"start":{"line":6,"column":15},"end":{"line":6,"column":31}},"5":{"start":{"line":8,"column":0},"end":{"line":13,"column":3}},"6":{"start":{"line":9,"column":2},"end":{"line":12,"column":7}},"7":{"start":{"line":15,"column":0},"end":{"line":15,"column":27}},"8":{"start":{"line":16,"column":0},"end":{"line":16,"column":36}},"9":{"start":{"line":17,"column":0},"end":{"line":17,"column":41}},"10":{"start":{"line":19,"column":0},"end":{"line":19,"column":24}}},"fnMap":{"0":{"name":"(anonymous_0)","decl":{"start":{"line":8,"column":16},"end":{"line":8,"column":17}},"loc":{"start":{"line":8,"column":30},"end":{"line":13,"column":1}},"line":8}},"branchMap":{},"s":{"0":1,"1":1,"2":1,"3":1,"4":1,"5":1,"6":0,"7":1,"8":1,"9":1,"10":1},"f":{"0":0},"b":{},"_coverageSchema":"1a1c01bbd47fc00a2c39e90264f33305004495a9","hash":"994300615b030aa8dbe94f4ad225fe73b533c83b"}
,"F:\\Pelajaran\\Bootcamp\\Phase2\\week3\\ip-rmt58-rian\\server\\routers\\recipe.js": {"path":"F:\\Pelajaran\\Bootcamp\\Phase2\\week3\\ip-rmt58-rian\\server\\routers\\recipe.js","statementMap":{"0":{"start":{"line":1,"column":16},"end":{"line":1,"column":34}},"1":{"start":{"line":2,"column":15},"end":{"line":2,"column":31}},"2":{"start":{"line":3,"column":23},"end":{"line":3,"column":63}},"3":{"start":{"line":4,"column":25},"end":{"line":4,"column":67}},"4":{"start":{"line":5,"column":18},"end":{"line":5,"column":35}},"5":{"start":{"line":7,"column":0},"end":{"line":7,"column":74}},"6":{"start":{"line":8,"column":0},"end":{"line":8,"column":72}},"7":{"start":{"line":9,"column":0},"end":{"line":13,"column":2}},"8":{"start":{"line":14,"column":0},"end":{"line":18,"column":2}},"9":{"start":{"line":19,"column":0},"end":{"line":23,"column":2}},"10":{"start":{"line":24,"column":0},"end":{"line":28,"column":2}},"11":{"start":{"line":29,"column":0},"end":{"line":33,"column":2}},"12":{"start":{"line":34,"column":0},"end":{"line":38,"column":2}},"13":{"start":{"line":39,"column":0},"end":{"line":43,"column":2}},"14":{"start":{"line":45,"column":0},"end":{"line":45,"column":24}}},"fnMap":{},"branchMap":{},"s":{"0":1,"1":1,"2":1,"3":1,"4":1,"5":1,"6":1,"7":1,"8":1,"9":1,"10":1,"11":1,"12":1,"13":1,"14":1},"f":{},"b":{},"_coverageSchema":"1a1c01bbd47fc00a2c39e90264f33305004495a9","hash":"e4ed1dfb0f77151a2bae7a983ec37954880c89d6"}
,"F:\\Pelajaran\\Bootcamp\\Phase2\\week3\\ip-rmt58-rian\\server\\routers\\user.js": {"path":"F:\\Pelajaran\\Bootcamp\\Phase2\\week3\\ip-rmt58-rian\\server\\routers\\user.js","statementMap":{"0":{"start":{"line":1,"column":16},"end":{"line":1,"column":34}},"1":{"start":{"line":2,"column":23},"end":{"line":2,"column":63}},"2":{"start":{"line":3,"column":23},"end":{"line":3,"column":63}},"3":{"start":{"line":4,"column":15},"end":{"line":4,"column":31}},"4":{"start":{"line":6,"column":0},"end":{"line":6,"column":44}},"5":{"start":{"line":7,"column":0},"end":{"line":7,"column":57}},"6":{"start":{"line":8,"column":0},"end":{"line":8,"column":50}},"7":{"start":{"line":9,"column":0},"end":{"line":9,"column":66}},"8":{"start":{"line":10,"column":0},"end":{"line":10,"column":69}},"9":{"start":{"line":12,"column":0},"end":{"line":12,"column":24}}},"fnMap":{},"branchMap":{},"s":{"0":1,"1":1,"2":1,"3":1,"4":1,"5":1,"6":1,"7":1,"8":1,"9":1},"f":{},"b":{},"_coverageSchema":"1a1c01bbd47fc00a2c39e90264f33305004495a9","hash":"4581b6d3a6b5bfc62bc16cd8aa1b1a3b189abd65"}
,"F:\\Pelajaran\\Bootcamp\\Phase2\\week3\\ip-rmt58-rian\\server\\routers\\userSavedRecipe.js": {"path":"F:\\Pelajaran\\Bootcamp\\Phase2\\week3\\ip-rmt58-rian\\server\\routers\\userSavedRecipe.js","statementMap":{"0":{"start":{"line":1,"column":16},"end":{"line":1,"column":34}},"1":{"start":{"line":2,"column":15},"end":{"line":2,"column":31}},"2":{"start":{"line":3,"column":23},"end":{"line":3,"column":63}},"3":{"start":{"line":4,"column":34},"end":{"line":4,"column":75}},"4":{"start":{"line":5,"column":23},"end":{"line":5,"column":63}},"5":{"start":{"line":7,"column":0},"end":{"line":7,"column":27}},"6":{"start":{"line":9,"column":0},"end":{"line":9,"column":63}},"7":{"start":{"line":10,"column":0},"end":{"line":14,"column":2}},"8":{"start":{"line":15,"column":0},"end":{"line":19,"column":2}},"9":{"start":{"line":20,"column":0},"end":{"line":24,"column":2}},"10":{"start":{"line":25,"column":0},"end":{"line":29,"column":2}},"11":{"start":{"line":30,"column":0},"end":{"line":30,"column":64}},"12":{"start":{"line":32,"column":0},"end":{"line":32,"column":24}}},"fnMap":{},"branchMap":{},"s":{"0":1,"1":1,"2":1,"3":1,"4":1,"5":1,"6":1,"7":1,"8":1,"9":1,"10":1,"11":1,"12":1},"f":{},"b":{},"_coverageSchema":"1a1c01bbd47fc00a2c39e90264f33305004495a9","hash":"e3bb43889464d2bd434ca75ec136a6fd8dc15476"}
}
