TN:
SF:app.js
FNF:0
FNH:0
DA:1,1
DA:2,1
DA:5,1
DA:6,1
DA:7,1
DA:9,1
DA:10,1
DA:12,1
DA:14,1
DA:15,1
DA:17,1
DA:23,1
LF:12
LH:12
BRDA:1,0,0,1
BRDA:1,0,1,0
BRDA:10,1,0,1
BRDA:10,1,1,0
BRF:4
BRH:2
end_of_record
TN:
SF:controllers\RecipeController.js
FN:10,(anonymous_0)
FN:20,(anonymous_1)
FN:33,(anonymous_2)
FN:47,(anonymous_3)
FN:62,(anonymous_4)
FN:193,(anonymous_5)
FN:267,(anonymous_6)
FN:282,(anonymous_7)
FN:297,(anonymous_8)
FNF:9
FNH:9
FNDA:1,(anonymous_0)
FNDA:2,(anonymous_1)
FNDA:1,(anonymous_2)
FNDA:2,(anonymous_3)
FNDA:2,(anonymous_4)
FNDA:2,(anonymous_5)
FNDA:2,(anonymous_6)
FNDA:2,(anonymous_7)
FNDA:5,(anonymous_8)
DA:1,1
DA:2,1
DA:6,1
DA:7,1
DA:8,1
DA:11,1
DA:12,1
DA:13,1
DA:15,0
DA:16,0
DA:21,2
DA:22,2
DA:26,2
DA:28,0
DA:29,0
DA:34,1
DA:35,1
DA:40,1
DA:42,0
DA:43,0
DA:48,2
DA:49,2
DA:51,2
DA:55,2
DA:57,0
DA:58,0
DA:63,2
DA:65,2
DA:66,2
DA:68,2
DA:69,0
DA:73,2
DA:75,2
DA:76,0
DA:81,2
DA:82,2
DA:85,2
DA:99,2
DA:101,2
DA:103,2
DA:107,2
DA:108,2
DA:109,2
DA:110,2
DA:113,2
DA:114,2
DA:116,2
DA:117,2
DA:119,2
DA:120,2
DA:122,2
DA:123,2
DA:125,2
DA:140,2
DA:141,2
DA:143,2
DA:144,2
DA:146,2
DA:185,0
DA:186,0
DA:194,2
DA:196,2
DA:197,2
DA:199,2
DA:200,0
DA:204,2
DA:206,2
DA:207,0
DA:212,2
DA:214,2
DA:230,2
DA:231,2
DA:233,2
DA:237,2
DA:239,2
DA:247,2
DA:248,2
DA:250,2
DA:251,2
DA:253,2
DA:258,0
DA:259,0
DA:268,2
DA:269,2
DA:271,2
DA:275,2
DA:277,0
DA:278,0
DA:283,2
DA:284,2
DA:286,2
DA:290,2
DA:292,0
DA:293,0
DA:298,5
DA:299,5
DA:300,5
DA:301,5
DA:302,2
DA:304,3
DA:306,0
DA:307,0
DA:312,1
LF:103
LH:81
BRDA:68,0,0,0
BRDA:68,0,1,2
BRDA:75,1,0,0
BRDA:75,1,1,2
BRDA:75,2,0,2
BRDA:75,2,1,2
BRDA:75,2,2,2
BRDA:75,2,3,2
BRDA:75,2,4,2
BRDA:81,3,0,2
BRDA:81,3,1,0
BRDA:148,4,0,2
BRDA:148,4,1,0
BRDA:149,5,0,2
BRDA:149,5,1,0
BRDA:199,6,0,0
BRDA:199,6,1,2
BRDA:206,7,0,0
BRDA:206,7,1,2
BRDA:206,8,0,2
BRDA:206,8,1,2
BRDA:206,8,2,2
BRDA:206,8,3,2
BRDA:206,8,4,2
BRDA:212,9,0,2
BRDA:212,9,1,0
BRDA:221,10,0,2
BRDA:221,10,1,0
BRDA:242,11,0,2
BRDA:242,11,1,0
BRDA:243,12,0,2
BRDA:243,12,1,0
BRDA:301,13,0,2
BRDA:301,13,1,3
BRF:34
BRH:23
end_of_record
TN:
SF:controllers\UserController.js
FN:10,(anonymous_0)
FN:39,(anonymous_1)
FN:74,(anonymous_2)
FN:95,(anonymous_3)
FN:226,(anonymous_4)
FNF:5
FNH:4
FNDA:6,(anonymous_0)
FNDA:6,(anonymous_1)
FNDA:1,(anonymous_2)
FNDA:4,(anonymous_3)
FNDA:0,(anonymous_4)
DA:1,1
DA:2,1
DA:3,1
DA:4,1
DA:6,1
DA:7,1
DA:11,6
DA:12,6
DA:14,6
DA:20,1
DA:26,1
DA:28,5
DA:29,5
DA:30,4
DA:31,1
DA:32,1
DA:34,0
DA:40,6
DA:41,6
DA:43,6
DA:44,1
DA:47,5
DA:48,1
DA:51,4
DA:56,4
DA:57,2
DA:60,2
DA:61,2
DA:62,1
DA:65,1
DA:67,1
DA:69,0
DA:70,0
DA:75,1
DA:76,1
DA:78,1
DA:84,1
DA:85,0
DA:88,1
DA:90,0
DA:91,0
DA:96,4
DA:98,4
DA:99,4
DA:101,4
DA:102,0
DA:104,4
DA:105,0
DA:110,4
DA:111,0
DA:113,4
DA:114,1
DA:119,3
DA:120,1
DA:122,2
DA:123,0
DA:128,2
DA:129,2
DA:130,1
DA:135,1
DA:142,1
DA:143,0
DA:150,1
DA:151,1
DA:164,1
DA:165,0
DA:170,1
DA:171,1
DA:172,0
DA:177,1
DA:192,1
DA:193,0
DA:194,0
DA:201,1
DA:202,1
DA:203,0
DA:206,1
DA:216,1
DA:218,0
DA:219,0
DA:220,0
DA:222,0
DA:227,0
DA:228,0
DA:234,0
DA:236,0
DA:242,0
DA:243,0
DA:255,0
DA:257,0
DA:258,0
DA:260,0
DA:261,0
DA:266,1
LF:94
LH:63
BRDA:29,0,0,4
BRDA:29,0,1,1
BRDA:31,1,0,1
BRDA:31,1,1,0
BRDA:43,2,0,1
BRDA:43,2,1,5
BRDA:47,3,0,1
BRDA:47,3,1,4
BRDA:56,4,0,2
BRDA:56,4,1,2
BRDA:61,5,0,1
BRDA:61,5,1,1
BRDA:84,6,0,0
BRDA:84,6,1,1
BRDA:101,7,0,0
BRDA:101,7,1,4
BRDA:101,8,0,4
BRDA:101,8,1,4
BRDA:104,9,0,0
BRDA:104,9,1,4
BRDA:104,10,0,4
BRDA:104,10,1,4
BRDA:110,11,0,0
BRDA:110,11,1,4
BRDA:110,12,0,4
BRDA:110,12,1,4
BRDA:113,13,0,1
BRDA:113,13,1,3
BRDA:113,14,0,4
BRDA:113,14,1,3
BRDA:119,15,0,1
BRDA:119,15,1,2
BRDA:119,16,0,3
BRDA:119,16,1,2
BRDA:122,17,0,0
BRDA:122,17,1,2
BRDA:122,18,0,2
BRDA:122,18,1,2
BRDA:129,19,0,1
BRDA:129,19,1,1
BRDA:129,20,0,2
BRDA:129,20,1,2
BRDA:142,21,0,0
BRDA:142,21,1,1
BRDA:142,22,0,1
BRDA:142,22,1,1
BRDA:150,23,0,1
BRDA:150,23,1,0
BRDA:164,24,0,0
BRDA:164,24,1,1
BRDA:170,25,0,1
BRDA:170,25,1,0
BRDA:171,26,0,0
BRDA:171,26,1,1
BRDA:193,27,0,0
BRDA:193,27,1,0
BRDA:202,28,0,0
BRDA:202,28,1,1
BRDA:219,29,0,0
BRDA:219,29,1,0
BRDA:242,30,0,0
BRDA:242,30,1,0
BRF:62
BRH:44
end_of_record
TN:
SF:controllers\UserSavedRecipe.js
FN:10,(anonymous_0)
FN:60,(anonymous_1)
FN:101,(anonymous_2)
FN:115,(anonymous_3)
FN:139,(anonymous_4)
FN:175,(anonymous_5)
FN:196,(anonymous_6)
FNF:7
FNH:7
FNDA:6,(anonymous_0)
FNDA:8,(anonymous_1)
FNDA:1,(anonymous_2)
FNDA:2,(anonymous_3)
FNDA:3,(anonymous_4)
FNDA:1,(anonymous_5)
FNDA:1,(anonymous_6)
DA:1,1
DA:2,1
DA:3,1
DA:7,1
DA:11,6
DA:12,6
DA:13,6
DA:15,6
DA:20,6
DA:22,5
DA:30,5
DA:31,4
DA:37,1
DA:42,1
DA:46,1
DA:56,1
DA:59,1
DA:60,8
DA:64,1
DA:89,1
DA:94,1
DA:96,0
DA:97,0
DA:102,1
DA:103,1
DA:108,1
DA:110,0
DA:111,0
DA:116,2
DA:117,2
DA:119,2
DA:124,2
DA:125,1
DA:132,1
DA:134,0
DA:135,0
DA:140,3
DA:141,3
DA:143,3
DA:148,3
DA:149,2
DA:154,1
DA:156,1
DA:166,1
DA:168,1
DA:170,0
DA:171,0
DA:176,1
DA:177,1
DA:179,1
DA:183,1
DA:184,0
DA:187,1
DA:189,1
DA:191,0
DA:192,0
DA:197,1
DA:198,1
DA:199,1
DA:201,1
DA:205,1
DA:206,0
DA:209,1
DA:213,1
DA:215,0
DA:216,0
DA:221,1
LF:67
LH:53
BRDA:20,0,0,5
BRDA:20,0,1,1
BRDA:30,1,0,4
BRDA:30,1,1,1
BRDA:59,2,0,1
BRDA:59,2,1,0
BRDA:124,3,0,1
BRDA:124,3,1,1
BRDA:148,4,0,2
BRDA:148,4,1,1
BRDA:183,5,0,0
BRDA:183,5,1,1
BRDA:205,6,0,0
BRDA:205,6,1,1
BRF:14
BRH:11
end_of_record
TN:
SF:helpers\bcrypt.js
FN:2,(anonymous_0)
FN:8,(anonymous_1)
FNF:2
FNH:2
FNDA:5,(anonymous_0)
FNDA:2,(anonymous_1)
DA:1,1
DA:2,1
DA:3,5
DA:4,5
DA:5,5
DA:8,1
DA:9,2
DA:12,1
LF:8
LH:8
BRF:0
BRH:0
end_of_record
TN:
SF:helpers\geminiAI.js
FN:7,(anonymous_0)
FNF:1
FNH:1
FNDA:4,(anonymous_0)
DA:1,1
DA:3,1
DA:4,1
DA:5,1
DA:7,1
DA:8,4
DA:9,4
DA:10,4
DA:13,1
LF:9
LH:9
BRF:0
BRH:0
end_of_record
TN:
SF:helpers\jwt.js
FN:3,(anonymous_0)
FN:4,(anonymous_1)
FNF:2
FNH:2
FNDA:2,(anonymous_0)
FNDA:44,(anonymous_1)
DA:1,1
DA:3,2
DA:4,44
DA:6,1
LF:4
LH:4
BRF:0
BRH:0
end_of_record
TN:
SF:helpers\spoonacular.js
FNF:0
FNH:0
DA:1,1
DA:2,1
DA:4,1
DA:5,1
DA:6,1
LF:5
LH:5
BRF:0
BRH:0
end_of_record
TN:
SF:middlewares\authentication.js
FN:4,authentication
FNF:1
FNH:1
FNDA:44,authentication
DA:1,1
DA:2,1
DA:5,44
DA:6,44
DA:8,44
DA:9,0
DA:10,0
DA:13,44
DA:14,44
DA:15,0
DA:16,0
DA:19,44
DA:20,41
DA:22,41
DA:23,0
DA:24,0
DA:27,41
DA:28,41
DA:30,3
DA:31,3
DA:32,3
DA:34,0
DA:39,1
LF:23
LH:16
BRDA:8,0,0,0
BRDA:8,0,1,44
BRDA:14,1,0,0
BRDA:14,1,1,44
BRDA:22,2,0,0
BRDA:22,2,1,41
BRDA:31,3,0,3
BRDA:31,3,1,0
BRF:8
BRH:4
end_of_record
TN:
SF:middlewares\guardOwnerOnly.js
FN:4,guardOwnerOnly
FNF:1
FNH:1
FNDA:5,guardOwnerOnly
DA:1,1
DA:2,1
DA:5,5
DA:6,5
DA:7,5
DA:9,5
DA:10,5
DA:11,2
DA:12,2
DA:15,3
DA:16,1
DA:17,1
DA:20,2
DA:21,2
DA:23,0
DA:24,0
DA:28,1
LF:17
LH:15
BRDA:10,0,0,2
BRDA:10,0,1,3
BRDA:15,1,0,1
BRDA:15,1,1,2
BRF:4
BRH:4
end_of_record
TN:
SF:models\index.js
FN:21,(anonymous_0)
FN:29,(anonymous_1)
FN:34,(anonymous_2)
FNF:3
FNH:3
FNDA:4,(anonymous_0)
FNDA:3,(anonymous_1)
FNDA:3,(anonymous_2)
DA:3,1
DA:4,1
DA:5,1
DA:6,1
DA:7,1
DA:8,1
DA:9,1
DA:10,1
DA:13,1
DA:14,0
DA:16,1
DA:19,1
DA:22,4
DA:30,3
DA:31,3
DA:34,1
DA:35,3
DA:36,3
DA:40,1
DA:41,1
DA:43,1
LF:21
LH:20
BRDA:8,0,0,1
BRDA:8,0,1,0
BRDA:13,1,0,0
BRDA:13,1,1,1
BRDA:23,2,0,4
BRDA:23,2,1,4
BRDA:23,2,2,3
BRDA:23,2,3,3
BRDA:35,3,0,3
BRDA:35,3,1,0
BRF:10
BRH:7
end_of_record
TN:
SF:models\recipe.js
FN:3,(anonymous_0)
FN:10,(anonymous_1)
FNF:2
FNH:2
FNDA:1,(anonymous_0)
FNDA:1,(anonymous_1)
DA:2,1
DA:3,1
DA:14,1
DA:62,1
LF:4
LH:4
BRF:0
BRH:0
end_of_record
TN:
SF:models\user.js
FN:5,(anonymous_0)
FN:7,(anonymous_1)
FN:122,(anonymous_2)
FN:153,(anonymous_3)
FNF:4
FNH:4
FNDA:1,(anonymous_0)
FNDA:1,(anonymous_1)
FNDA:1,(anonymous_2)
FNDA:2,(anonymous_3)
DA:2,1
DA:3,1
DA:5,1
DA:8,1
DA:14,1
DA:123,1
DA:124,0
DA:127,1
DA:142,1
DA:143,0
DA:144,0
DA:154,2
DA:162,1
LF:13
LH:10
BRDA:123,0,0,0
BRDA:123,0,1,1
BRDA:143,1,0,0
BRDA:143,1,1,0
BRF:4
BRH:1
end_of_record
TN:
SF:models\usersavedrecipe.js
FN:3,(anonymous_0)
FN:10,(anonymous_1)
FNF:2
FNH:2
FNDA:1,(anonymous_0)
FNDA:1,(anonymous_1)
DA:2,1
DA:3,1
DA:12,1
DA:15,1
DA:20,1
DA:62,1
LF:6
LH:6
BRF:0
BRH:0
end_of_record
TN:
SF:routers\index.js
FN:8,(anonymous_0)
FNF:1
FNH:0
FNDA:0,(anonymous_0)
DA:1,1
DA:2,1
DA:3,1
DA:4,1
DA:6,1
DA:8,1
DA:9,0
DA:15,1
DA:16,1
DA:17,1
DA:19,1
LF:11
LH:10
BRF:0
BRH:0
end_of_record
TN:
SF:routers\recipe.js
FNF:0
FNH:0
DA:1,1
DA:2,1
DA:3,1
DA:4,1
DA:5,1
DA:7,1
DA:8,1
DA:9,1
DA:14,1
DA:19,1
DA:24,1
DA:29,1
DA:34,1
DA:39,1
DA:45,1
LF:15
LH:15
BRF:0
BRH:0
end_of_record
TN:
SF:routers\user.js
FNF:0
FNH:0
DA:1,1
DA:2,1
DA:3,1
DA:4,1
DA:6,1
DA:7,1
DA:8,1
DA:9,1
DA:10,1
DA:12,1
LF:10
LH:10
BRF:0
BRH:0
end_of_record
TN:
SF:routers\userSavedRecipe.js
FNF:0
FNH:0
DA:1,1
DA:2,1
DA:3,1
DA:4,1
DA:5,1
DA:7,1
DA:9,1
DA:10,1
DA:15,1
DA:20,1
DA:25,1
DA:30,1
DA:32,1
LF:13
LH:13
BRF:0
BRH:0
end_of_record
